[2025-03-12 22:28:12] info: 	z2m: Logging to console, file (filename: log.log)
[2025-03-12 22:28:12] info: 	z2m: Starting Zigbee2MQTT version 2.1.3 (commit #unknown)
[2025-03-12 22:28:12] info: 	z2m: Starting zigbee-herdsman (3.2.7)
[2025-03-12 22:28:12] info: 	zh:zstack:znp: Opening TCP socket with 10.81.19.36:6638
[2025-03-12 22:28:12] info: 	zh:zstack:znp: Socket connected
[2025-03-12 22:28:12] info: 	zh:zstack:znp: Socket ready
[2025-03-12 22:28:12] info: 	zh:zstack:znp: Writing CC2530/CC2531 skip bootloader payload
[2025-03-12 22:28:13] info: 	zh:zstack:znp: Skip bootloader for CC2652/CC1352
[2025-03-12 22:28:14] info: 	z2m: zigbee-herdsman started (resumed)
[2025-03-12 22:28:14] info: 	z2m: Coordinator firmware version: '{"meta":{"maintrel":1,"majorrel":2,"minorrel":7,"product":1,"revision":20240710,"transportrev":2},"type":"zStack3x0"}'
[2025-03-12 22:28:14] info: 	z2m: Currently 0 devices are joined.
[2025-03-12 22:28:14] info: 	z2m: Connecting to MQTT server at mqtt://core-mosquitto:1883
[2025-03-12 22:28:15] info: 	z2m: Connected to MQTT server
[2025-03-12 22:28:15] info: 	z2m:mqtt: MQTT publish: topic 'zigbee2mqtt/bridge/state', payload '{"state":"online"}'
[2025-03-12 22:28:15] info: 	z2m: Started frontend on port 8099
[2025-03-12 22:28:15] info: 	z2m: Zigbee2MQTT started!
[2025-03-12 22:28:20] info: 	z2m:mqtt: MQTT publish: topic 'homeassistant/binary_sensor/1221051039810110150109113116116_0x00124b0028cca8ff/connection_state/config', payload '{"device":{"hw_version":"zStack3x0 20240710","identifiers":["zigbee2mqtt_bridge_0x00124b0028cca8ff"],"manufacturer":"Zigbee2MQTT","model":"Bridge","name":"Zigbee2MQTT Bridge","sw_version":"2.1.3"},"device_class":"connectivity","entity_category":"diagnostic","name":"Connection state","object_id":"zigbee2mqtt_bridge_connection_state","origin":{"name":"Zigbee2MQTT","sw":"2.1.3","url":"https://www.zigbee2mqtt.io"},"payload_off":"offline","payload_on":"online","state_topic":"zigbee2mqtt/bridge/state","unique_id":"bridge_0x00124b0028cca8ff_connection_state_zigbee2mqtt","value_template":"{{ value_json.state }}"}'
[2025-03-12 22:28:20] info: 	z2m:mqtt: MQTT publish: topic 'homeassistant/binary_sensor/1221051039810110150109113116116_0x00124b0028cca8ff/restart_required/config', payload '{"availability":[{"topic":"zigbee2mqtt/bridge/state","value_template":"{{ value_json.state }}"}],"availability_mode":"all","device":{"hw_version":"zStack3x0 20240710","identifiers":["zigbee2mqtt_bridge_0x00124b0028cca8ff"],"manufacturer":"Zigbee2MQTT","model":"Bridge","name":"Zigbee2MQTT Bridge","sw_version":"2.1.3"},"device_class":"problem","enabled_by_default":false,"entity_category":"diagnostic","name":"Restart required","object_id":"zigbee2mqtt_bridge_restart_required","origin":{"name":"Zigbee2MQTT","sw":"2.1.3","url":"https://www.zigbee2mqtt.io"},"payload_off":false,"payload_on":true,"state_topic":"zigbee2mqtt/bridge/info","unique_id":"bridge_0x00124b0028cca8ff_restart_required_zigbee2mqtt","value_template":"{{ value_json.restart_required }}"}'
[2025-03-12 22:28:20] info: 	z2m:mqtt: MQTT publish: topic 'homeassistant/button/1221051039810110150109113116116_0x00124b0028cca8ff/restart/config', payload '{"availability":[{"topic":"zigbee2mqtt/bridge/state","value_template":"{{ value_json.state }}"}],"availability_mode":"all","command_topic":"zigbee2mqtt/bridge/request/restart","device":{"hw_version":"zStack3x0 20240710","identifiers":["zigbee2mqtt_bridge_0x00124b0028cca8ff"],"manufacturer":"Zigbee2MQTT","model":"Bridge","name":"Zigbee2MQTT Bridge","sw_version":"2.1.3"},"device_class":"restart","name":"Restart","object_id":"zigbee2mqtt_bridge_restart","origin":{"name":"Zigbee2MQTT","sw":"2.1.3","url":"https://www.zigbee2mqtt.io"},"payload_press":"","unique_id":"bridge_0x00124b0028cca8ff_restart_zigbee2mqtt"}'
[2025-03-12 22:28:20] info: 	z2m:mqtt: MQTT publish: topic 'homeassistant/select/1221051039810110150109113116116_0x00124b0028cca8ff/log_level/config', payload '{"availability":[{"topic":"zigbee2mqtt/bridge/state","value_template":"{{ value_json.state }}"}],"availability_mode":"all","command_template":"{\"options\": {\"advanced\": {\"log_level\": \"{{ value }}\" } } }","command_topic":"zigbee2mqtt/bridge/request/options","device":{"hw_version":"zStack3x0 20240710","identifiers":["zigbee2mqtt_bridge_0x00124b0028cca8ff"],"manufacturer":"Zigbee2MQTT","model":"Bridge","name":"Zigbee2MQTT Bridge","sw_version":"2.1.3"},"entity_category":"config","name":"Log level","object_id":"zigbee2mqtt_bridge_log_level","options":["error","warning","info","debug"],"origin":{"name":"Zigbee2MQTT","sw":"2.1.3","url":"https://www.zigbee2mqtt.io"},"state_topic":"zigbee2mqtt/bridge/info","unique_id":"bridge_0x00124b0028cca8ff_log_level_zigbee2mqtt","value_template":"{{ value_json.log_level | lower }}"}'
[2025-03-12 22:28:20] info: 	z2m:mqtt: MQTT publish: topic 'homeassistant/sensor/1221051039810110150109113116116_0x00124b0028cca8ff/version/config', payload '{"availability":[{"topic":"zigbee2mqtt/bridge/state","value_template":"{{ value_json.state }}"}],"availability_mode":"all","device":{"hw_version":"zStack3x0 20240710","identifiers":["zigbee2mqtt_bridge_0x00124b0028cca8ff"],"manufacturer":"Zigbee2MQTT","model":"Bridge","name":"Zigbee2MQTT Bridge","sw_version":"2.1.3"},"entity_category":"diagnostic","icon":"mdi:zigbee","name":"Version","object_id":"zigbee2mqtt_bridge_version","origin":{"name":"Zigbee2MQTT","sw":"2.1.3","url":"https://www.zigbee2mqtt.io"},"state_topic":"zigbee2mqtt/bridge/info","unique_id":"bridge_0x00124b0028cca8ff_version_zigbee2mqtt","value_template":"{{ value_json.version }}"}'
[2025-03-12 22:28:20] info: 	z2m:mqtt: MQTT publish: topic 'homeassistant/sensor/1221051039810110150109113116116_0x00124b0028cca8ff/coordinator_version/config', payload '{"availability":[{"topic":"zigbee2mqtt/bridge/state","value_template":"{{ value_json.state }}"}],"availability_mode":"all","device":{"hw_version":"zStack3x0 20240710","identifiers":["zigbee2mqtt_bridge_0x00124b0028cca8ff"],"manufacturer":"Zigbee2MQTT","model":"Bridge","name":"Zigbee2MQTT Bridge","sw_version":"2.1.3"},"enabled_by_default":false,"entity_category":"diagnostic","icon":"mdi:chip","name":"Coordinator version","object_id":"zigbee2mqtt_bridge_coordinator_version","origin":{"name":"Zigbee2MQTT","sw":"2.1.3","url":"https://www.zigbee2mqtt.io"},"state_topic":"zigbee2mqtt/bridge/info","unique_id":"bridge_0x00124b0028cca8ff_coordinator_version_zigbee2mqtt","value_template":"{{ value_json.coordinator.meta.revision }}"}'
[2025-03-12 22:28:20] info: 	z2m:mqtt: MQTT publish: topic 'homeassistant/sensor/1221051039810110150109113116116_0x00124b0028cca8ff/network_map/config', payload '{"availability":[{"topic":"zigbee2mqtt/bridge/state","value_template":"{{ value_json.state }}"}],"availability_mode":"all","device":{"hw_version":"zStack3x0 20240710","identifiers":["zigbee2mqtt_bridge_0x00124b0028cca8ff"],"manufacturer":"Zigbee2MQTT","model":"Bridge","name":"Zigbee2MQTT Bridge","sw_version":"2.1.3"},"enabled_by_default":false,"entity_category":"diagnostic","json_attributes_template":"{{ value_json.data.value | tojson }}","json_attributes_topic":"zigbee2mqtt/bridge/response/networkmap","name":"Network map","object_id":"zigbee2mqtt_bridge_network_map","origin":{"name":"Zigbee2MQTT","sw":"2.1.3","url":"https://www.zigbee2mqtt.io"},"state_topic":"zigbee2mqtt/bridge/response/networkmap","unique_id":"bridge_0x00124b0028cca8ff_network_map_zigbee2mqtt","value_template":"{{ now().strftime('%Y-%m-%d %H:%M:%S') }}"}'
[2025-03-12 22:28:20] info: 	z2m:mqtt: MQTT publish: topic 'homeassistant/switch/1221051039810110150109113116116_0x00124b0028cca8ff/permit_join/config', payload '{"availability":[{"topic":"zigbee2mqtt/bridge/state","value_template":"{{ value_json.state }}"}],"availability_mode":"all","command_topic":"zigbee2mqtt/bridge/request/permit_join","device":{"hw_version":"zStack3x0 20240710","identifiers":["zigbee2mqtt_bridge_0x00124b0028cca8ff"],"manufacturer":"Zigbee2MQTT","model":"Bridge","name":"Zigbee2MQTT Bridge","sw_version":"2.1.3"},"icon":"mdi:human-greeting-proximity","name":"Permit join","object_id":"zigbee2mqtt_bridge_permit_join","origin":{"name":"Zigbee2MQTT","sw":"2.1.3","url":"https://www.zigbee2mqtt.io"},"payload_off":"{\"time\": 0}","payload_on":"{\"time\": 254}","state_off":"false","state_on":"true","state_topic":"zigbee2mqtt/bridge/info","unique_id":"bridge_0x00124b0028cca8ff_permit_join_zigbee2mqtt","value_template":"{{ value_json.permit_join | lower }}"}'
[2025-03-12 22:29:42] info: 	z2m: Zigbee: allowing new devices to join.
[2025-03-12 22:29:42] info: 	z2m:mqtt: MQTT publish: topic 'zigbee2mqtt/bridge/response/permit_join', payload '{"data":{"time":254},"status":"ok","transaction":"3h4lr-1"}'
[2025-03-12 22:29:45] info: 	z2m: Zigbee: disabling joining new devices.
[2025-03-12 22:29:46] info: 	z2m:mqtt: MQTT publish: topic 'zigbee2mqtt/bridge/response/permit_join', payload '{"data":{"time":0},"status":"ok","transaction":"3h4lr-2"}'
[2025-03-12 22:29:53] info: 	z2m: Starting network scan (includeRoutes 'false')
[2025-03-12 22:29:54] info: 	z2m: Network scan finished
[2025-03-12 22:29:54] info: 	z2m:mqtt: MQTT publish: topic 'zigbee2mqtt/bridge/response/networkmap', payload '{"data":{"routes":false,"type":"raw","value":{"links":[],"nodes":[{"failed":[],"friendlyName":"Coordinator","ieeeAddr":"0x00124b0028cca8ff","networkAddress":0,"type":"Coordinator"}]}},"status":"ok","transaction":"3h4lr-3"}'
[2025-03-12 22:30:09] error: 	z2m: Request 'zigbee2mqtt/bridge/request/group/add' failed with error: 'friendly_name must be at least 1 char long'
[2025-03-12 22:30:09] info: 	z2m:mqtt: MQTT publish: topic 'zigbee2mqtt/bridge/response/group/add', payload '{"data":{},"error":"friendly_name must be at least 1 char long","status":"error","transaction":"3h4lr-4"}'
[2025-03-12 22:30:27] info: 	z2m:mqtt: MQTT publish: topic 'zigbee2mqtt/bridge/response/group/add', payload '{"data":{"friendly_name":"parents_bedroom","id":1},"status":"ok","transaction":"3h4lr-5"}'
[2025-03-12 22:30:38] info: 	z2m:mqtt: MQTT publish: topic 'zigbee2mqtt/bridge/response/group/add', payload '{"data":{"friendly_name":"twins_bedroom","id":2},"status":"ok","transaction":"3h4lr-6"}'
[2025-03-12 22:30:52] info: 	z2m:mqtt: MQTT publish: topic 'zigbee2mqtt/bridge/response/group/add', payload '{"data":{"friendly_name":"mezzanine_bedroom","id":3},"status":"ok","transaction":"3h4lr-7"}'
[2025-03-12 22:31:00] info: 	z2m:mqtt: MQTT publish: topic 'zigbee2mqtt/bridge/response/group/add', payload '{"data":{"friendly_name":"friends_bedroom","id":4},"status":"ok","transaction":"3h4lr-8"}'
[2025-03-12 22:31:11] info: 	z2m:mqtt: MQTT publish: topic 'zigbee2mqtt/bridge/response/group/add', payload '{"data":{"friendly_name":"upstairs_bathroom","id":5},"status":"ok","transaction":"3h4lr-9"}'
[2025-03-12 22:31:17] info: 	z2m:mqtt: MQTT publish: topic 'zigbee2mqtt/bridge/response/group/add', payload '{"data":{"friendly_name":"downstairs_bathroom","id":6},"status":"ok","transaction":"3h4lr-10"}'
[2025-03-12 22:31:27] info: 	z2m:mqtt: MQTT publish: topic 'zigbee2mqtt/bridge/response/group/add', payload '{"data":{"friendly_name":"upstairs_hall","id":7},"status":"ok","transaction":"3h4lr-11"}'
[2025-03-12 22:31:31] info: 	z2m:mqtt: MQTT publish: topic 'zigbee2mqtt/bridge/response/group/add', payload '{"data":{"friendly_name":"entrance","id":8},"status":"ok","transaction":"3h4lr-12"}'
[2025-03-12 22:31:35] info: 	z2m:mqtt: MQTT publish: topic 'zigbee2mqtt/bridge/response/group/add', payload '{"data":{"friendly_name":"terrace","id":9},"status":"ok","transaction":"3h4lr-13"}'
[2025-03-12 22:31:39] info: 	z2m:mqtt: MQTT publish: topic 'zigbee2mqtt/bridge/response/group/add', payload '{"data":{"friendly_name":"kitchen","id":10},"status":"ok","transaction":"3h4lr-14"}'
[2025-03-12 22:31:44] info: 	z2m:mqtt: MQTT publish: topic 'zigbee2mqtt/bridge/response/group/add', payload '{"data":{"friendly_name":"living_room","id":11},"status":"ok","transaction":"3h4lr-15"}'
[2025-03-12 22:31:51] info: 	z2m:mqtt: MQTT publish: topic 'zigbee2mqtt/bridge/response/group/add', payload '{"data":{"friendly_name":"dining_room","id":12},"status":"ok","transaction":"3h4lr-16"}'
[2025-03-12 22:32:02] info: 	z2m:mqtt: MQTT publish: topic 'zigbee2mqtt/bridge/response/group/add', payload '{"data":{"friendly_name":"downstairs_stairs","id":13},"status":"ok","transaction":"3h4lr-17"}'
[2025-03-12 22:32:12] info: 	z2m:mqtt: MQTT publish: topic 'zigbee2mqtt/bridge/response/group/add', payload '{"data":{"friendly_name":"upstairs_stairs","id":14},"status":"ok","transaction":"3h4lr-18"}'
[2025-03-12 22:32:58] info: 	z2m:mqtt: MQTT publish: topic 'zigbee2mqtt/bridge/response/group/add', payload '{"data":{"friendly_name":"carport","id":15},"status":"ok","transaction":"3h4lr-19"}'
[2025-03-12 22:33:19] info: 	z2m: Start Touchlink scan
[2025-03-12 22:33:19] info: 	zh:controller:touchlink: Set InterPAN channel to '11'
[2025-03-12 22:33:19] warning: 	zh:controller:touchlink: Scan request failed or was not answered: 'Error: Timeout - undefined - 254 - undefined - 4096 - 1 after 500ms'
[2025-03-12 22:33:19] info: 	zh:controller:touchlink: Set InterPAN channel to '15'
[2025-03-12 22:33:20] warning: 	zh:controller:touchlink: Scan request failed or was not answered: 'Error: Timeout - undefined - 254 - undefined - 4096 - 1 after 500ms'
[2025-03-12 22:33:20] info: 	zh:controller:touchlink: Set InterPAN channel to '20'
[2025-03-12 22:33:20] warning: 	zh:controller:touchlink: Scan request failed or was not answered: 'Error: Timeout - undefined - 254 - undefined - 4096 - 1 after 500ms'
[2025-03-12 22:33:20] info: 	zh:controller:touchlink: Set InterPAN channel to '25'
[2025-03-12 22:33:21] warning: 	zh:controller:touchlink: Scan request failed or was not answered: 'Error: Timeout - undefined - 254 - undefined - 4096 - 1 after 500ms'
[2025-03-12 22:33:21] info: 	zh:controller:touchlink: Set InterPAN channel to '12'
[2025-03-12 22:33:22] warning: 	zh:controller:touchlink: Scan request failed or was not answered: 'Error: Timeout - undefined - 254 - undefined - 4096 - 1 after 500ms'
[2025-03-12 22:33:22] info: 	zh:controller:touchlink: Set InterPAN channel to '13'
[2025-03-12 22:33:22] warning: 	zh:controller:touchlink: Scan request failed or was not answered: 'Error: Timeout - undefined - 254 - undefined - 4096 - 1 after 500ms'
[2025-03-12 22:33:22] info: 	zh:controller:touchlink: Set InterPAN channel to '14'
[2025-03-12 22:33:23] warning: 	zh:controller:touchlink: Scan request failed or was not answered: 'Error: Timeout - undefined - 254 - undefined - 4096 - 1 after 500ms'
[2025-03-12 22:33:23] info: 	zh:controller:touchlink: Set InterPAN channel to '16'
[2025-03-12 22:33:23] warning: 	zh:controller:touchlink: Scan request failed or was not answered: 'Error: Timeout - undefined - 254 - undefined - 4096 - 1 after 500ms'
[2025-03-12 22:33:23] info: 	zh:controller:touchlink: Set InterPAN channel to '17'
[2025-03-12 22:33:24] warning: 	zh:controller:touchlink: Scan request failed or was not answered: 'Error: Timeout - undefined - 254 - undefined - 4096 - 1 after 500ms'
[2025-03-12 22:33:24] info: 	zh:controller:touchlink: Set InterPAN channel to '18'
[2025-03-12 22:33:24] warning: 	zh:controller:touchlink: Scan request failed or was not answered: 'Error: Timeout - undefined - 254 - undefined - 4096 - 1 after 500ms'
[2025-03-12 22:33:24] info: 	zh:controller:touchlink: Set InterPAN channel to '19'
[2025-03-12 22:33:25] warning: 	zh:controller:touchlink: Scan request failed or was not answered: 'Error: Timeout - undefined - 254 - undefined - 4096 - 1 after 500ms'
[2025-03-12 22:33:25] info: 	zh:controller:touchlink: Set InterPAN channel to '21'
[2025-03-12 22:33:25] warning: 	zh:controller:touchlink: Scan request failed or was not answered: 'Error: Timeout - undefined - 254 - undefined - 4096 - 1 after 500ms'
[2025-03-12 22:33:25] info: 	zh:controller:touchlink: Set InterPAN channel to '22'
[2025-03-12 22:33:26] warning: 	zh:controller:touchlink: Scan request failed or was not answered: 'Error: Timeout - undefined - 254 - undefined - 4096 - 1 after 500ms'
[2025-03-12 22:33:26] info: 	zh:controller:touchlink: Set InterPAN channel to '23'
[2025-03-12 22:33:26] warning: 	zh:controller:touchlink: Scan request failed or was not answered: 'Error: Timeout - undefined - 254 - undefined - 4096 - 1 after 500ms'
[2025-03-12 22:33:26] info: 	zh:controller:touchlink: Set InterPAN channel to '24'
[2025-03-12 22:33:27] warning: 	zh:controller:touchlink: Scan request failed or was not answered: 'Error: Timeout - undefined - 254 - undefined - 4096 - 1 after 500ms'
[2025-03-12 22:33:27] info: 	zh:controller:touchlink: Set InterPAN channel to '26'
[2025-03-12 22:33:27] warning: 	zh:controller:touchlink: Scan request failed or was not answered: 'Error: Timeout - undefined - 254 - undefined - 4096 - 1 after 500ms'
[2025-03-12 22:33:27] info: 	zh:controller:touchlink: Restore InterPAN channel
[2025-03-12 22:33:30] info: 	z2m: Finished Touchlink scan
[2025-03-12 22:33:30] info: 	z2m:mqtt: MQTT publish: topic 'zigbee2mqtt/bridge/response/touchlink/scan', payload '{"data":{"found":[]},"status":"ok","transaction":"3h4lr-20"}'
[2025-03-12 22:34:09] info: 	z2m: Successfully changed options
[2025-03-12 22:34:09] info: 	z2m:mqtt: MQTT publish: topic 'zigbee2mqtt/bridge/response/options', payload '{"data":{"restart_required":true},"status":"ok","transaction":"3h4lr-21"}'
[2025-03-12 23:05:42] error: 	z2m: MQTT error: connect ECONNREFUSED 172.30.33.3:1883
[2025-03-12 23:05:43] error: 	z2m: MQTT error: connect ECONNREFUSED 172.30.33.3:1883
[2025-03-12 23:05:44] error: 	z2m: MQTT error: connect ECONNREFUSED 172.30.33.3:1883
[2025-03-12 23:05:46] error: 	z2m: Not connected to MQTT server!
[2025-03-12 23:05:49] error: 	z2m: MQTT error: getaddrinfo ENOTFOUND core-mosquitto
[2025-03-12 23:05:50] error: 	z2m: Not connected to MQTT server!
[2025-03-12 23:05:50] error: 	z2m: Cannot send message: topic: 'zigbee2mqtt/bridge/state', payload: '{"state":"offline"}
[2025-03-12 23:05:50] info: 	z2m: Disconnecting from MQTT server
[2025-03-12 23:05:50] info: 	z2m: Stopping zigbee-herdsman...
[2025-03-12 23:06:06] info: 	zh:controller: Wrote coordinator backup to '/config/zigbee2mqtt/coordinator_backup.json'
[2025-03-12 23:06:06] info: 	zh:zstack:znp: closing
[2025-03-12 23:06:06] info: 	z2m: Stopped zigbee-herdsman
[2025-03-12 23:06:06] info: 	z2m: Stopped Zigbee2MQTT
